middle_initial      : 99		
address3            : 99		
date_of_birth       : 99		
comments            : 99		
state               : 5		
last_name           : 2		
campaign_id         : 99		
email               : 12		
city                : 4		
postal_code         : 6		
province            : 99		
list_id             : 99		
alt_phone           : 99		
security_phrase     : 9		
gender              : 99		
source_id           : 99		
                    : 99		
phone_number        : 0		
vendor_lead_code    : 0		
address2            : 4		
title               : 99		
address1            : 3		
first_name          : 1		
